
 Performance counter stats for './mandelbrot_pth -0.188 -0.012 0.554 0.754 16' (10 runs):

          0,880879      task-clock (msec)         #    0,825 CPUs utilized            ( +-  1,30% )
                 1      context-switches          #    0,001 M/sec                  
                 1      cpu-migrations            #    0,001 M/sec                  
                66      page-faults               #    0,075 M/sec                    ( +-  0,81% )
         2.155.652      cycles                    #    2,447 GHz                      ( +- 11,15% )  (96,68%)
         1.616.835      stalled-cycles-frontend   #   75,00% frontend cycles idle     ( +-  1,12% )
           753.037      stalled-cycles-backend    #   34,93% backend  cycles idle     ( +-  2,36% )
         1.989.216      instructions              #    0,92  insns per cycle        
                                                  #    0,81  stalled cycles per insn  ( +-  0,19% )
           262.632      branches                  #  298,147 M/sec                    ( +-  0,21% )
     <not counted>      branch-misses              (27,11%)

       0,001067252 seconds time elapsed                                          ( +-  1,35% )


 Performance counter stats for './mandelbrot_pth -0.188 -0.012 0.554 0.754 26' (10 runs):

          1,290300      task-clock (msec)         #    0,896 CPUs utilized            ( +-  0,83% )
                 1      context-switches          #    0,775 K/sec                  
                 1      cpu-migrations            #    0,853 K/sec                    ( +-  9,09% )
                66      page-faults               #    0,051 M/sec                    ( +-  0,64% )
         3.985.525      cycles                    #    3,089 GHz                      ( +-  7,70% )
         3.119.870      stalled-cycles-frontend   #   78,28% frontend cycles idle     ( +-  1,04% )
         1.130.228      stalled-cycles-backend    #   28,36% backend  cycles idle     ( +-  2,70% )
         3.875.952      instructions              #    0,97  insns per cycle        
                                                  #    0,80  stalled cycles per insn  ( +-  0,13% )
           421.521      branches                  #  326,685 M/sec                    ( +-  0,20% )
     <not counted>      branch-misses              (21,87%)

       0,001439632 seconds time elapsed                                          ( +-  0,96% )


 Performance counter stats for './mandelbrot_pth -0.188 -0.012 0.554 0.754 36' (10 runs):

          2,138963      task-clock (msec)         #    0,923 CPUs utilized            ( +-  1,32% )
                 1      context-switches          #    0,468 K/sec                  
                 1      cpu-migrations            #    0,514 K/sec                    ( +-  9,09% )
                67      page-faults               #    0,031 M/sec                    ( +-  0,67% )
         5.823.481      cycles                    #    2,723 GHz                      ( +- 12,69% )  (98,67%)
         5.275.697      stalled-cycles-frontend   #   90,59% frontend cycles idle     ( +-  1,58% )
         1.625.120      stalled-cycles-backend    #   27,91% backend  cycles idle     ( +-  4,56% )
         6.639.862      instructions              #    1,14  insns per cycle        
                                                  #    0,79  stalled cycles per insn  ( +-  0,06% )
           653.049      branches                  #  305,311 M/sec                    ( +-  0,11% )
     <not counted>      branch-misses              (48,25%)

       0,002318560 seconds time elapsed                                          ( +-  1,79% )


 Performance counter stats for './mandelbrot_pth -0.188 -0.012 0.554 0.754 46' (10 runs):

          3,185560      task-clock (msec)         #    0,954 CPUs utilized            ( +-  0,95% )
                 1      context-switches          #    0,345 K/sec                    ( +-  9,09% )
                 1      cpu-migrations            #    0,345 K/sec                    ( +-  9,09% )
                67      page-faults               #    0,021 M/sec                    ( +-  0,71% )
         6.029.207      cycles                    #    1,893 GHz                      ( +- 21,04% )  (97,72%)
         7.862.747      stalled-cycles-frontend   #  130,41% frontend cycles idle     ( +-  1,07% )
         2.066.568      stalled-cycles-backend    #   34,28% backend  cycles idle     ( +-  3,70% )
        10.281.336      instructions              #    1,71  insns per cycle        
                                                  #    0,76  stalled cycles per insn  ( +-  0,05% )
           957.516      branches                  #  300,580 M/sec                    ( +-  0,09% )
     <not counted>      branch-misses              (57,94%)

       0,003338240 seconds time elapsed                                          ( +-  0,94% )


 Performance counter stats for './mandelbrot_pth -0.188 -0.012 0.554 0.754 56' (10 runs):

          4,732449      task-clock (msec)         #    0,966 CPUs utilized            ( +-  0,45% )
                 1      context-switches          #    0,232 K/sec                    ( +-  9,09% )
                 1      cpu-migrations            #    0,211 K/sec                  
                67      page-faults               #    0,014 M/sec                    ( +-  0,78% )
        10.469.161      cycles                    #    2,212 GHz                      ( +- 13,06% )  (73,77%)
        11.617.484      stalled-cycles-frontend   #  110,97% frontend cycles idle     ( +-  0,66% )
         3.202.240      stalled-cycles-backend    #   30,59% backend  cycles idle     ( +-  1,72% )
        14.790.639      instructions              #    1,41  insns per cycle        
                                                  #    0,79  stalled cycles per insn  ( +-  0,04% )
         1.334.457      branches                  #  281,980 M/sec                    ( +-  0,08% )
             8.319      branch-misses             #    0,62% of all branches          ( +- 12,49% )  (54,32%)

       0,004900234 seconds time elapsed                                          ( +-  0,49% )


 Performance counter stats for './mandelbrot_pth -0.188 -0.012 0.554 0.754 66' (10 runs):

          6,193552      task-clock (msec)         #    0,967 CPUs utilized            ( +-  0,79% )
                 2      context-switches          #    0,339 K/sec                    ( +- 28,79% )
                 1      cpu-migrations            #    0,178 K/sec                    ( +-  9,09% )
                66      page-faults               #    0,011 M/sec                    ( +-  0,62% )
        18.289.578      cycles                    #    2,953 GHz                      ( +-  9,01% )  (47,23%)
        14.093.628      stalled-cycles-frontend   #   77,06% frontend cycles idle     ( +-  3,77% )  (97,05%)
         3.749.351      stalled-cycles-backend    #   20,50% backend  cycles idle     ( +-  3,23% )
        20.197.165      instructions              #    1,10  insns per cycle        
                                                  #    0,70  stalled cycles per insn  ( +-  0,04% )
         1.787.697      branches                  #  288,638 M/sec                    ( +-  0,09% )
             8.426      branch-misses             #    0,47% of all branches          ( +-  4,58% )  (71,72%)

       0,006405010 seconds time elapsed                                          ( +-  0,87% )


 Performance counter stats for './mandelbrot_pth -0.188 -0.012 0.554 0.754 76' (10 runs):

          8,000908      task-clock (msec)         #    0,977 CPUs utilized            ( +-  0,71% )
                 1      context-switches          #    0,125 K/sec                  
                 1      cpu-migrations            #    0,125 K/sec                  
                67      page-faults               #    0,008 M/sec                    ( +-  0,68% )
        26.606.259      cycles                    #    3,325 GHz                      ( +-  5,39% )  (52,85%)
        16.554.078      stalled-cycles-frontend   #   62,22% frontend cycles idle     ( +-  6,29% )
         4.544.130      stalled-cycles-backend    #   17,08% backend  cycles idle     ( +-  3,12% )
        26.450.842      instructions              #    0,99  insns per cycle        
                                                  #    0,63  stalled cycles per insn  ( +-  0,01% )
         2.308.946      branches                  #  288,585 M/sec                    ( +-  0,02% )
             9.361      branch-misses             #    0,41% of all branches          ( +-  2,43% )  (67,01%)

       0,008187909 seconds time elapsed                                          ( +-  0,75% )


 Performance counter stats for './mandelbrot_pth -0.188 -0.012 0.554 0.754 86' (10 runs):

          9,969827      task-clock (msec)         #    0,982 CPUs utilized            ( +-  0,44% )
                 1      context-switches          #    0,100 K/sec                  
                 1      cpu-migrations            #    0,100 K/sec                  
                67      page-faults               #    0,007 M/sec                    ( +-  1,00% )
        35.024.019      cycles                    #    3,513 GHz                      ( +-  0,41% )  (59,92%)
        21.121.828      stalled-cycles-frontend   #   60,31% frontend cycles idle     ( +-  5,92% )  (76,46%)
         5.040.153      stalled-cycles-backend    #   14,39% backend  cycles idle     ( +-  3,27% )
        33.664.556      instructions              #    0,96  insns per cycle        
                                                  #    0,63  stalled cycles per insn  ( +-  0,01% )
         2.912.549      branches                  #  292,136 M/sec                    ( +-  0,03% )
            11.370      branch-misses             #    0,39% of all branches          ( +-  6,54% )  (79,71%)

       0,010152718 seconds time elapsed                                          ( +-  0,45% )


 Performance counter stats for './mandelbrot_pth -0.188 -0.012 0.554 0.754 96' (10 runs):

         12,470635      task-clock (msec)         #    0,984 CPUs utilized            ( +-  0,82% )
                 1      context-switches          #    0,088 K/sec                    ( +-  9,09% )
                 1      cpu-migrations            #    0,080 K/sec                  
                67      page-faults               #    0,005 M/sec                    ( +-  0,78% )
        43.903.696      cycles                    #    3,521 GHz                      ( +-  0,83% )  (67,95%)
        31.330.219      stalled-cycles-frontend   #   71,36% frontend cycles idle     ( +-  0,85% )  (67,96%)
         5.865.218      stalled-cycles-backend    #   13,36% backend  cycles idle     ( +-  5,41% )  (92,41%)
        41.635.757      instructions              #    0,95  insns per cycle        
                                                  #    0,75  stalled cycles per insn  ( +-  0,07% )
         3.581.747      branches                  #  287,215 M/sec                    ( +-  0,02% )
            12.764      branch-misses             #    0,36% of all branches          ( +-  4,89% )  (86,39%)

       0,012675843 seconds time elapsed                                          ( +-  0,79% )


 Performance counter stats for './mandelbrot_pth -0.188 -0.012 0.554 0.754 106' (10 runs):

         15,327365      task-clock (msec)         #    0,985 CPUs utilized            ( +-  0,74% )
                 2      context-switches          #    0,130 K/sec                    ( +- 44,72% )
                 1      cpu-migrations            #    0,072 K/sec                    ( +-  9,09% )
                67      page-faults               #    0,004 M/sec                    ( +-  0,65% )
        54.808.396      cycles                    #    3,576 GHz                      ( +-  0,64% )  (73,94%)
        39.106.314      stalled-cycles-frontend   #   71,35% frontend cycles idle     ( +-  0,70% )  (73,96%)
         8.264.412      stalled-cycles-backend    #   15,08% backend  cycles idle     ( +-  1,52% )  (69,97%)
        43.707.822      instructions              #    0,80  insns per cycle        
                                                  #    0,89  stalled cycles per insn  ( +-  1,90% )
         4.339.203      branches                  #  283,102 M/sec                    ( +-  0,05% )
            14.699      branch-misses             #    0,34% of all branches          ( +-  0,73% )  (92,03%)

       0,015556100 seconds time elapsed                                          ( +-  0,70% )

