
 Performance counter stats for './mandelbrot_seq 0.175 0.375 -0.1 0.1 16' (10 runs):

          0,574207      task-clock (msec)         #    0,792 CPUs utilized            ( +-  2,26% )
                 0      context-switches          #    0,000 K/sec                  
                 0      cpu-migrations            #    0,000 K/sec                  
                53      page-faults               #    0,092 M/sec                    ( +-  0,42% )
         1.775.322      cycles                    #    3,092 GHz                      ( +- 10,09% )
         1.369.891      stalled-cycles-frontend   #   77,16% frontend cycles idle     ( +-  3,37% )
           638.667      stalled-cycles-backend    #   35,97% backend  cycles idle     ( +-  5,84% )
         1.698.091      instructions              #    0,96  insns per cycle        
                                                  #    0,81  stalled cycles per insn  ( +-  0,16% )
           220.476      branches                  #  383,967 M/sec                    ( +-  0,20% )
     <not counted>      branch-misses              (54,66%)

       0,000725255 seconds time elapsed                                          ( +-  2,53% )


 Performance counter stats for './mandelbrot_seq 0.175 0.375 -0.1 0.1 26' (10 runs):

          1,067854      task-clock (msec)         #    0,838 CPUs utilized            ( +-  1,08% )
                 0      context-switches          #    0,000 K/sec                  
                 0      cpu-migrations            #    0,000 K/sec                  
                57      page-faults               #    0,054 M/sec                    ( +-  0,63% )
         2.917.052      cycles                    #    2,732 GHz                      ( +- 14,12% )
         2.562.374      stalled-cycles-frontend   #   87,84% frontend cycles idle     ( +-  1,60% )
           875.029      stalled-cycles-backend    #   30,00% backend  cycles idle     ( +-  4,18% )
         3.478.731      instructions              #    1,19  insns per cycle        
                                                  #    0,74  stalled cycles per insn  ( +-  0,15% )
           386.158      branches                  #  361,621 M/sec                    ( +-  0,26% )
             1.104      branch-misses             #    0,29% of all branches          ( +- 51,71% )  (71,19%)

       0,001274820 seconds time elapsed                                          ( +-  4,90% )


 Performance counter stats for './mandelbrot_seq 0.175 0.375 -0.1 0.1 36' (10 runs):

          1,753272      task-clock (msec)         #    0,922 CPUs utilized            ( +-  0,51% )
                 0      context-switches          #    0,057 K/sec                    ( +-100,00% )
                 0      cpu-migrations            #    0,000 K/sec                  
                63      page-faults               #    0,036 M/sec                    ( +-  0,35% )
         4.506.942      cycles                    #    2,571 GHz                      ( +- 13,56% )  (99,88%)
         4.203.623      stalled-cycles-frontend   #   93,27% frontend cycles idle     ( +-  0,66% )
         1.155.587      stalled-cycles-backend    #   25,64% backend  cycles idle     ( +-  2,26% )
         6.032.874      instructions              #    1,34  insns per cycle        
                                                  #    0,70  stalled cycles per insn  ( +-  0,05% )
           623.043      branches                  #  355,360 M/sec                    ( +-  0,08% )
     <not counted>      branch-misses              (52,27%)

       0,001900662 seconds time elapsed                                          ( +-  0,63% )


 Performance counter stats for './mandelbrot_seq 0.175 0.375 -0.1 0.1 46' (10 runs):

          2,693607      task-clock (msec)         #    0,932 CPUs utilized            ( +-  0,29% )
                 0      context-switches          #    0,000 K/sec                  
                 0      cpu-migrations            #    0,000 K/sec                  
                71      page-faults               #    0,026 M/sec                    ( +-  0,28% )
         6.668.165      cycles                    #    2,476 GHz                      ( +- 13,57% )
         6.473.989      stalled-cycles-frontend   #   97,09% frontend cycles idle     ( +-  0,41% )
         1.604.462      stalled-cycles-backend    #   24,06% backend  cycles idle     ( +-  1,58% )
         9.454.066      instructions              #    1,42  insns per cycle        
                                                  #    0,68  stalled cycles per insn  ( +-  0,02% )
           942.772      branches                  #  350,004 M/sec                    ( +-  0,03% )
             8.115      branch-misses             #    0,86% of all branches          ( +- 42,94% )  (41,27%)

       0,002889070 seconds time elapsed                                          ( +-  1,76% )


 Performance counter stats for './mandelbrot_seq 0.175 0.375 -0.1 0.1 56' (10 runs):

          3,893000      task-clock (msec)         #    0,961 CPUs utilized            ( +-  0,49% )
                 0      context-switches          #    0,000 K/sec                  
                 0      cpu-migrations            #    0,000 K/sec                  
                81      page-faults               #    0,021 M/sec                    ( +-  0,42% )
         3.820.284      cycles                    #    0,981 GHz                      ( +- 24,06% )
         9.391.023      stalled-cycles-frontend   #  245,82% frontend cycles idle     ( +-  0,65% )
         2.227.076      stalled-cycles-backend    #   58,30% backend  cycles idle     ( +-  2,50% )
        13.729.003      instructions              #    3,59  insns per cycle        
                                                  #    0,68  stalled cycles per insn  ( +-  0,02% )
         1.341.302      branches                  #  344,542 M/sec                    ( +-  0,04% )
             6.780      branch-misses             #    0,51% of all branches          ( +-  8,88% )  (71,75%)

       0,004050932 seconds time elapsed                                          ( +-  0,59% )


 Performance counter stats for './mandelbrot_seq 0.175 0.375 -0.1 0.1 66' (10 runs):

          5,319529      task-clock (msec)         #    0,969 CPUs utilized            ( +-  0,55% )
                 0      context-switches          #    0,000 K/sec                  
                 0      cpu-migrations            #    0,000 K/sec                  
                93      page-faults               #    0,018 M/sec                    ( +-  0,30% )
        12.126.496      cycles                    #    2,280 GHz                      ( +- 13,60% )  (65,73%)
        12.302.887      stalled-cycles-frontend   #  101,45% frontend cycles idle     ( +-  2,42% )
         2.980.046      stalled-cycles-backend    #   24,57% backend  cycles idle     ( +-  2,85% )
        18.799.844      instructions              #    1,55  insns per cycle        
                                                  #    0,65  stalled cycles per insn  ( +-  0,01% )
         1.813.930      branches                  #  340,995 M/sec                    ( +-  0,03% )
             8.817      branch-misses             #    0,49% of all branches          ( +-  7,26% )  (61,45%)

       0,005486988 seconds time elapsed                                          ( +-  0,58% )


 Performance counter stats for './mandelbrot_seq 0.175 0.375 -0.1 0.1 76' (10 runs):

          6,962850      task-clock (msec)         #    0,972 CPUs utilized            ( +-  0,63% )
                 1      context-switches          #    0,129 K/sec                    ( +-100,00% )
                 0      cpu-migrations            #    0,000 K/sec                  
               107      page-faults               #    0,015 M/sec                    ( +-  0,21% )
        22.908.956      cycles                    #    3,290 GHz                      ( +-  5,52% )  (45,88%)
        13.753.353      stalled-cycles-frontend   #   60,03% frontend cycles idle     ( +-  5,08% )
         3.867.720      stalled-cycles-backend    #   16,88% backend  cycles idle     ( +-  3,61% )
        24.666.510      instructions              #    1,08  insns per cycle        
                                                  #    0,56  stalled cycles per insn  ( +-  0,05% )
         2.361.930      branches                  #  339,219 M/sec                    ( +-  0,09% )
             9.678      branch-misses             #    0,41% of all branches          ( +-  4,03% )  (75,64%)

       0,007162546 seconds time elapsed                                          ( +-  0,87% )


 Performance counter stats for './mandelbrot_seq 0.175 0.375 -0.1 0.1 86' (10 runs):

          8,751267      task-clock (msec)         #    0,982 CPUs utilized            ( +-  0,16% )
                 0      context-switches          #    0,011 K/sec                    ( +-100,00% )
                 0      cpu-migrations            #    0,000 K/sec                  
               123      page-faults               #    0,014 M/sec                    ( +-  0,26% )
        30.609.798      cycles                    #    3,498 GHz                      ( +-  0,18% )  (54,34%)
        16.567.804      stalled-cycles-frontend   #   54,13% frontend cycles idle     ( +-  5,88% )  (88,38%)
         4.479.209      stalled-cycles-backend    #   14,63% backend  cycles idle     ( +-  1,01% )
        31.467.417      instructions              #    1,03  insns per cycle        
                                                  #    0,53  stalled cycles per insn  ( +-  0,01% )
         2.993.482      branches                  #  342,063 M/sec                    ( +-  0,02% )
            10.628      branch-misses             #    0,36% of all branches          ( +-  2,31% )  (77,08%)

       0,008909128 seconds time elapsed                                          ( +-  0,18% )


 Performance counter stats for './mandelbrot_seq 0.175 0.375 -0.1 0.1 96' (10 runs):

         10,789444      task-clock (msec)         #    0,984 CPUs utilized            ( +-  0,30% )
                 0      context-switches          #    0,019 K/sec                    ( +-100,00% )
                 0      cpu-migrations            #    0,000 K/sec                  
               141      page-faults               #    0,013 M/sec                    ( +-  0,22% )
        37.759.553      cycles                    #    3,500 GHz                      ( +-  0,22% )  (62,95%)
        23.982.688      stalled-cycles-frontend   #   63,51% frontend cycles idle     ( +-  4,59% )  (68,33%)
         4.884.980      stalled-cycles-backend    #   12,94% backend  cycles idle     ( +-  3,84% )
        38.894.840      instructions              #    1,03  insns per cycle        
                                                  #    0,62  stalled cycles per insn  ( +-  0,01% )
         3.686.719      branches                  #  341,697 M/sec                    ( +-  0,03% )
            12.353      branch-misses             #    0,34% of all branches          ( +-  3,20% )  (83,81%)

       0,010968310 seconds time elapsed                                          ( +-  0,34% )


 Performance counter stats for './mandelbrot_seq 0.175 0.375 -0.1 0.1 106' (10 runs):

         13,152981      task-clock (msec)         #    0,987 CPUs utilized            ( +-  0,43% )
                 0      context-switches          #    0,000 K/sec                  
                 0      cpu-migrations            #    0,000 K/sec                  
               160      page-faults               #    0,012 M/sec                    ( +-  0,17% )
        46.166.165      cycles                    #    3,510 GHz                      ( +-  0,37% )  (69,61%)
        31.585.105      stalled-cycles-frontend   #   68,42% frontend cycles idle     ( +-  0,65% )  (69,59%)
         5.555.821      stalled-cycles-backend    #   12,03% backend  cycles idle     ( +-  3,59% )  (92,63%)
        46.685.599      instructions              #    1,01  insns per cycle        
                                                  #    0,68  stalled cycles per insn  ( +-  0,93% )
         4.472.220      branches                  #  340,016 M/sec                    ( +-  0,02% )
            14.167      branch-misses             #    0,32% of all branches          ( +-  1,66% )  (84,36%)

       0,013321675 seconds time elapsed                                          ( +-  0,41% )

